<?xml version="1.0" encoding="UTF-8"?>
<testsuite xmlns:xsi="http://www.w3.org/2001/XMLSchema-instance" xsi:noNamespaceSchemaLocation="https://maven.apache.org/surefire/maven-surefire-plugin/xsd/surefire-test-report-3.0.xsd" version="3.0" name="runner.TestRunner" time="21.428" tests="2" errors="0" skipped="1" failures="0">
  <properties>
[...]
</properties>
  <testcase name="User login to the website with valid credentials" classname="1st Feature User able to login with valid password" time="15.496"/>
  <testcase name="User login to the website with invalid credentials" classname="1st Feature User able to login with valid password" time="0">
    <skipped message="The step &quot;User reaches the home pa&quot; is undefined"/>
    <system-out><![CDATA[Driver is initialized.
User is at login page.
User enters the username : darthvad
User enters the password : Selenium12#
User clicks the login button.
Driver will be killed now.
]]></system-out>
    <system-err><![CDATA[[main] INFO io.github.bonigarcia.wdm.WebDriverManager - Using chromedriver 75.0.3770.8 (since Google Chrome 75 is installed in your machine)
[main] INFO io.github.bonigarcia.wdm.WebDriverManager - Exporting webdriver.chrome.driver as C:\Users\RajeshKumar\.m2\repository\webdriver\chromedriver\win32\75.0.3770.8\chromedriver.exe
Starting ChromeDriver 75.0.3770.8 (681f24ea911fe754973dda2fdc6d2a2e159dd300-refs/branch-heads/3770@{#40}) on port 34080
Only local connections are allowed.
Please protect ports used by ChromeDriver and related test frameworks to prevent access by malicious code.
Jun 13, 2019 9:53:59 PM org.openqa.selenium.remote.ProtocolHandshake createSession
INFO: Detected dialect: W3C
]]></system-err>
  </testcase>
</testsuite>